C:\USERS\SMITHC5\DOCUMENTS\VISUAL STUDIO 2012\PROJECTS\CUDA60MEXVS2012TEMPLATE1\CUDA60MEXVS2012TEMPLATE1\X64\DEBUG\VC110.PDB
C:\USERS\SMITHC5\DOCUMENTS\VISUAL STUDIO 2012\PROJECTS\CUDA60MEXVS2012TEMPLATE1\CUDA60MEXVS2012TEMPLATE1\X64\DEBUG\MEXFUNCTION.OBJ
c:\Users\smithc5\documents\visual studio 2012\Projects\CUDA60MEXVS2012template1\CUDA60MEXVS2012template1\x64\Debug\kernel.cu.cache
c:\Users\smithc5\documents\visual studio 2012\Projects\CUDA60MEXVS2012template1\CUDA60MEXVS2012template1\x64\Debug\wrapper.cu.cache
c:\Users\smithc5\documents\visual studio 2012\Projects\CUDA60MEXVS2012template1\CUDA60MEXVS2012template1\x64\Debug\kernel.cu.obj
c:\Users\smithc5\documents\visual studio 2012\Projects\CUDA60MEXVS2012template1\CUDA60MEXVS2012template1\x64\Debug\mexFunction.obj
c:\Users\smithc5\documents\visual studio 2012\Projects\CUDA60MEXVS2012template1\CUDA60MEXVS2012template1\x64\Debug\wrapper.cu.obj
c:\Users\smithc5\documents\visual studio 2012\Projects\CUDA60MEXVS2012template1\CUDA60MEXVS2012template1\x64\Debug\cl.command.1.tlog
c:\Users\smithc5\documents\visual studio 2012\Projects\CUDA60MEXVS2012template1\CUDA60MEXVS2012template1\x64\Debug\CL.read.1.tlog
c:\Users\smithc5\documents\visual studio 2012\Projects\CUDA60MEXVS2012template1\CUDA60MEXVS2012template1\x64\Debug\CL.write.1.tlog
c:\Users\smithc5\documents\visual studio 2012\Projects\CUDA60MEXVS2012template1\CUDA60MEXVS2012template1\x64\Debug\link-cvtres.read.1.tlog
c:\Users\smithc5\documents\visual studio 2012\Projects\CUDA60MEXVS2012template1\CUDA60MEXVS2012template1\x64\Debug\link-cvtres.write.1.tlog
c:\Users\smithc5\documents\visual studio 2012\Projects\CUDA60MEXVS2012template1\CUDA60MEXVS2012template1\x64\Debug\link-rc.read.1.tlog
c:\Users\smithc5\documents\visual studio 2012\Projects\CUDA60MEXVS2012template1\CUDA60MEXVS2012template1\x64\Debug\link-rc.write.1.tlog
c:\Users\smithc5\documents\visual studio 2012\Projects\CUDA60MEXVS2012template1\CUDA60MEXVS2012template1\x64\Debug\link.command.1.tlog
c:\Users\smithc5\documents\visual studio 2012\Projects\CUDA60MEXVS2012template1\CUDA60MEXVS2012template1\x64\Debug\link.read.1.tlog
c:\Users\smithc5\documents\visual studio 2012\Projects\CUDA60MEXVS2012template1\CUDA60MEXVS2012template1\x64\Debug\link.write.1.tlog
c:\Users\smithc5\documents\visual studio 2012\Projects\CUDA60MEXVS2012template1\CUDA60MEXVS2012template1\x64\Debug\vc110.idb
c:\Users\smithc5\documents\visual studio 2012\Projects\CUDA60MEXVS2012template1\CUDA60MEXVS2012template1\x64\Debug\vc110.pdb
c:\users\smithc5\documents\visual studio 2012\Projects\CUDA60MEXVS2012template1\x64\Debug\CUDA60MEXVS2012template1.pdb
