Build started 6/24/2014 1:42:52 PM.
     1>Project "c:\Users\smithc5\documents\visual studio 2012\Projects\CUDA60MEXVS2012template1\CUDA60MEXVS2012template1\CUDA60MEXVS2012template1.vcxproj" on node 2 (Build target(s)).
     1>InitializeBuildStatus:
         Creating "x64\Debug\CUDA60MEXVS2012template1.unsuccessfulbuild" because "AlwaysCreate" was specified.
       AddCudaCompileDeps:
       Skipping target "AddCudaCompileDeps" because all output files are up-to-date with respect to the input files.
       AddCudaCompileDeps:
       Skipping target "AddCudaCompileDeps" because all output files are up-to-date with respect to the input files.
       AddCudaCompilePropsDeps:
       Skipping target "AddCudaCompilePropsDeps" because all output files are up-to-date with respect to the input files.
       AddCudaCompilePropsDeps:
       Skipping target "AddCudaCompilePropsDeps" because all output files are up-to-date with respect to the input files.
       CudaBuild:
       Skipping target "CudaBuild" because all output files are up-to-date with respect to the input files.
       CudaBuild:
       Skipping target "CudaBuild" because all output files are up-to-date with respect to the input files.
       ClCompile:
         C:\Program Files (x86)\Microsoft Visual Studio 11.0\VC\bin\x86_amd64\CL.exe /c /I"C:\Program Files\NVIDIA GPU Computing Toolkit\CUDA\v6.0\include" /Zi /nologo /W3 /WX- /sdl /Od /D WIN32 /D _DEBUG /D _CONSOLE /D _WINDLL /D _UNICODE /D UNICODE /Gm /EHsc /RTC1 /MDd /GS /fp:precise /Zc:wchar_t /Zc:forScope /Fo"x64\Debug\\" /Fd"x64\Debug\vc110.pdb" /Gd /TP /analyze- /errorReport:prompt mexFunction.cpp
         mexFunction.cpp
     1>mexFunction.cpp(121): warning C4244: 'argument' : conversion from 'double' to 'float', possible loss of data
     1>mexFunction.cpp(121): warning C4244: 'initializing' : conversion from 'float' to 'int', possible loss of data
       Link:
         C:\Program Files (x86)\Microsoft Visual Studio 11.0\VC\bin\x86_amd64\link.exe /ERRORREPORT:PROMPT /OUT:"c:\users\smithc5\documents\visual studio 2012\Projects\CUDA60MEXVS2012template1\x64\Debug\CUDA60MEXVS2012template1.mexw64" /INCREMENTAL /NOLOGO /LIBPATH:"C:\Program Files\NVIDIA GPU Computing Toolkit\CUDA\v6.0\lib\x64" cudart.lib libmex.lib libmat.lib libmx.lib kernel32.lib user32.lib gdi32.lib winspool.lib comdlg32.lib advapi32.lib shell32.lib ole32.lib oleaut32.lib uuid.lib odbc32.lib odbccp32.lib /DEF:"matlab.def" /MANIFEST /MANIFESTUAC:"level='asInvoker' uiAccess='false'" /manifest:embed /DEBUG /PDB:"c:\users\smithc5\documents\visual studio 2012\Projects\CUDA60MEXVS2012template1\x64\Debug\CUDA60MEXVS2012template1.pdb" /SUBSYSTEM:CONSOLE /TLBID:1 /DYNAMICBASE /NXCOMPAT /IMPLIB:"c:\users\smithc5\documents\visual studio 2012\Projects\CUDA60MEXVS2012template1\x64\Debug\CUDA60MEXVS2012template1.lib" /MACHINE:X64 /DLL x64\Debug\kernel.cu.obj
         x64\Debug\wrapper.cu.obj
         x64\Debug\mexFunction.obj
         CUDA60MEXVS2012template1.vcxproj -> c:\users\smithc5\documents\visual studio 2012\Projects\CUDA60MEXVS2012template1\x64\Debug\CUDA60MEXVS2012template1.mexw64
       FinalizeBuildStatus:
         Deleting file "x64\Debug\CUDA60MEXVS2012template1.unsuccessfulbuild".
         Touching "x64\Debug\CUDA60MEXVS2012template1.lastbuildstate".
     1>Done Building Project "c:\Users\smithc5\documents\visual studio 2012\Projects\CUDA60MEXVS2012template1\CUDA60MEXVS2012template1\CUDA60MEXVS2012template1.vcxproj" (Build target(s)).

Build succeeded.

Time Elapsed 00:00:01.84
