C:\USERS\SMITHC5\DOCUMENTS\VISUAL STUDIO 2012\PROJECTS\GPUGENERATEBLOBS\GPUGENERATEBLOBS\X64\DEBUG\MEXFUNCTION.OBJ
C:\USERS\SMITHC5\DOCUMENTS\VISUAL STUDIO 2012\PROJECTS\GPUGENERATEBLOBS\GPUGENERATEBLOBS\X64\DEBUG\VC110.PDB
C:\Users\smithc5\Documents\Visual Studio 2012\Projects\GPUgenerateBlobs\x64\Debug\GPUgenerateBlobs.lib
C:\Users\smithc5\Documents\Visual Studio 2012\Projects\GPUgenerateBlobs\x64\Debug\GPUgenerateBlobs.exp
C:\USERS\SMITHC5\DOCUMENTS\VISUAL STUDIO 2012\PROJECTS\GPUGENERATEBLOBS\X64\DEBUG\GPUGENERATEBLOBS.ILK
C:\USERS\SMITHC5\DOCUMENTS\VISUAL STUDIO 2012\PROJECTS\GPUGENERATEBLOBS\X64\DEBUG\GPUGENERATEBLOBS.MEXW64
C:\USERS\SMITHC5\DOCUMENTS\VISUAL STUDIO 2012\PROJECTS\GPUGENERATEBLOBS\X64\DEBUG\GPUGENERATEBLOBS.PDB
C:\Users\smithc5\Documents\Visual Studio 2012\Projects\GPUgenerateBlobs\GPUgenerateBlobs\x64\Debug\kernel.cu.cache
C:\Users\smithc5\Documents\Visual Studio 2012\Projects\GPUgenerateBlobs\GPUgenerateBlobs\x64\Debug\wrapper.cu.cache
C:\Users\smithc5\Documents\Visual Studio 2012\Projects\GPUgenerateBlobs\GPUgenerateBlobs\x64\Debug\kernel.cu.obj
C:\Users\smithc5\Documents\Visual Studio 2012\Projects\GPUgenerateBlobs\GPUgenerateBlobs\x64\Debug\mexFunction.obj
C:\Users\smithc5\Documents\Visual Studio 2012\Projects\GPUgenerateBlobs\GPUgenerateBlobs\x64\Debug\wrapper.cu.obj
C:\Users\smithc5\Documents\Visual Studio 2012\Projects\GPUgenerateBlobs\GPUgenerateBlobs\x64\Debug\cl.command.1.tlog
C:\Users\smithc5\Documents\Visual Studio 2012\Projects\GPUgenerateBlobs\GPUgenerateBlobs\x64\Debug\CL.read.1.tlog
C:\Users\smithc5\Documents\Visual Studio 2012\Projects\GPUgenerateBlobs\GPUgenerateBlobs\x64\Debug\CL.write.1.tlog
C:\Users\smithc5\Documents\Visual Studio 2012\Projects\GPUgenerateBlobs\GPUgenerateBlobs\x64\Debug\GPUgenerateBlobs.write.1.tlog
C:\Users\smithc5\Documents\Visual Studio 2012\Projects\GPUgenerateBlobs\GPUgenerateBlobs\x64\Debug\link-cvtres.read.1.tlog
C:\Users\smithc5\Documents\Visual Studio 2012\Projects\GPUgenerateBlobs\GPUgenerateBlobs\x64\Debug\link-cvtres.write.1.tlog
C:\Users\smithc5\Documents\Visual Studio 2012\Projects\GPUgenerateBlobs\GPUgenerateBlobs\x64\Debug\link-rc.read.1.tlog
C:\Users\smithc5\Documents\Visual Studio 2012\Projects\GPUgenerateBlobs\GPUgenerateBlobs\x64\Debug\link-rc.write.1.tlog
C:\Users\smithc5\Documents\Visual Studio 2012\Projects\GPUgenerateBlobs\GPUgenerateBlobs\x64\Debug\link.command.1.tlog
C:\Users\smithc5\Documents\Visual Studio 2012\Projects\GPUgenerateBlobs\GPUgenerateBlobs\x64\Debug\link.read.1.tlog
C:\Users\smithc5\Documents\Visual Studio 2012\Projects\GPUgenerateBlobs\GPUgenerateBlobs\x64\Debug\link.write.1.tlog
C:\Users\smithc5\Documents\Visual Studio 2012\Projects\GPUgenerateBlobs\GPUgenerateBlobs\x64\Debug\vc110.idb
C:\Users\smithc5\Documents\Visual Studio 2012\Projects\GPUgenerateBlobs\GPUgenerateBlobs\x64\Debug\vc110.pdb
C:\Users\smithc5\Documents\Visual Studio 2012\Projects\GPUgenerateBlobs\x64\Debug\GPUgenerateBlobs.pdb
C:\Users\smithc5\Documents\Visual Studio 2012\Projects\GPUgenerateBlobs\x64\Debug\GPUgenerateBlobs.mexw64
C:\Users\smithc5\Documents\Visual Studio 2012\Projects\GPUgenerateBlobs\x64\Debug\GPUgenerateBlobs.ilk
