Build started 8/12/2014 2:19:59 PM.
     1>Project "C:\Users\Carlas Smith\Desktop\single-molecule-detection\gpumle\GPUgenerateBlobs VS2013\GPUgenerateBlobs\GPUgenerateBlobs.vcxproj" on node 2 (Build target(s)).
     1>CudaBuild:
         Compiling CUDA source file kernel.cu...
         cmd.exe /C "C:\Users\Carlas Smith\AppData\Local\Temp\tmp8eaefe29fc854be0bf8f2e596358909a.cmd"
         "C:\Program Files\NVIDIA GPU Computing Toolkit\CUDA\v6.5\bin\nvcc.exe" -gencode=arch=compute_20,code=\"sm_20,compute_20\" -gencode=arch=compute_30,code=\"sm_30,compute_30\" -gencode=arch=compute_20,code=\"sm_20,compute_20\" --use-local-env --cl-version 2013 -ccbin "C:\Program Files (x86)\Microsoft Visual Studio 12.0\VC\bin\x86_amd64"  -I"C:\Program Files\NVIDIA GPU Computing Toolkit\CUDA\v6.5\include" -I"C:\Program Files\NVIDIA GPU Computing Toolkit\CUDA\v6.5\include"     --keep-dir x64\Release -maxrregcount=0 --ptxas-options=-v --machine 64 --compile -cudart static     -DWIN32 -DNDEBUG -D_CONSOLE -D_WINDLL -D_UNICODE -DUNICODE -Xcompiler "/EHsc /W3 /nologo /O2 /Zi  /MD /GR- " -o x64\Release\kernel.cu.obj "C:\Users\Carlas Smith\Desktop\single-molecule-detection\gpumle\GPUgenerateBlobs VS2013\GPUgenerateBlobs\kernel.cu"
         
         C:\Users\Carlas Smith\Desktop\single-molecule-detection\gpumle\GPUgenerateBlobs VS2013\GPUgenerateBlobs>"C:\Program Files\NVIDIA GPU Computing Toolkit\CUDA\v6.5\bin\nvcc.exe" -gencode=arch=compute_20,code=\"sm_20,compute_20\" -gencode=arch=compute_30,code=\"sm_30,compute_30\" -gencode=arch=compute_20,code=\"sm_20,compute_20\" --use-local-env --cl-version 2013 -ccbin "C:\Program Files (x86)\Microsoft Visual Studio 12.0\VC\bin\x86_amd64"  -I"C:\Program Files\NVIDIA GPU Computing Toolkit\CUDA\v6.5\include" -I"C:\Program Files\NVIDIA GPU Computing Toolkit\CUDA\v6.5\include"     --keep-dir x64\Release -maxrregcount=0 --ptxas-options=-v --machine 64 --compile -cudart static     -DWIN32 -DNDEBUG -D_CONSOLE -D_WINDLL -D_UNICODE -DUNICODE -Xcompiler "/EHsc /W3 /nologo /O2 /Zi  /MD /GR- " -o x64\Release\kernel.cu.obj "C:\Users\Carlas Smith\Desktop\single-molecule-detection\gpumle\GPUgenerateBlobs VS2013\GPUgenerateBlobs\kernel.cu" 
         ptxas info    : 0 bytes gmem
         ptxas info    : Compiling entry function '_Z26kernel_guassiansampleblobsiiiPfS_S_S_S_S_S_S_S_' for 'sm_20'
         ptxas info    : Function properties for _Z26kernel_guassiansampleblobsiiiPfS_S_S_S_S_S_S_S_
             0 bytes stack frame, 0 bytes spill stores, 0 bytes spill loads
         ptxas info    : Used 35 registers, 16000 bytes smem, 120 bytes cmem[0], 36 bytes cmem[16]
         ptxas info    : Compiling entry function '_Z29kernel_guassianintegrateblobsiiiPfS_S_S_S_S_S_S_S_' for 'sm_20'
         ptxas info    : Function properties for _Z29kernel_guassianintegrateblobsiiiPfS_S_S_S_S_S_S_S_
             0 bytes stack frame, 0 bytes spill stores, 0 bytes spill loads
         ptxas info    : Used 40 registers, 16000 bytes smem, 120 bytes cmem[0], 28 bytes cmem[16]
         ptxas info    : 0 bytes gmem
         ptxas info    : Compiling entry function '_Z26kernel_guassiansampleblobsiiiPfS_S_S_S_S_S_S_S_' for 'sm_30'
         ptxas info    : Function properties for _Z26kernel_guassiansampleblobsiiiPfS_S_S_S_S_S_S_S_
             0 bytes stack frame, 0 bytes spill stores, 0 bytes spill loads
         ptxas info    : Used 35 registers, 16000 bytes smem, 408 bytes cmem[0], 44 bytes cmem[2]
         ptxas info    : Compiling entry function '_Z29kernel_guassianintegrateblobsiiiPfS_S_S_S_S_S_S_S_' for 'sm_30'
         ptxas info    : Function properties for _Z29kernel_guassianintegrateblobsiiiPfS_S_S_S_S_S_S_S_
             0 bytes stack frame, 0 bytes spill stores, 0 bytes spill loads
         ptxas info    : Used 40 registers, 16000 bytes smem, 408 bytes cmem[0], 380 bytes cmem[2]
         kernel.cu
       CudaBuild:
         Compiling CUDA source file wrapper.cu...
         cmd.exe /C "C:\Users\Carlas Smith\AppData\Local\Temp\tmp5ebc7513cd0e450ab1a23df8e8691b59.cmd"
         "C:\Program Files\NVIDIA GPU Computing Toolkit\CUDA\v6.5\bin\nvcc.exe" -gencode=arch=compute_20,code=\"sm_20,compute_20\" -gencode=arch=compute_30,code=\"sm_30,compute_30\" -gencode=arch=compute_20,code=\"sm_20,compute_20\" --use-local-env --cl-version 2013 -ccbin "C:\Program Files (x86)\Microsoft Visual Studio 12.0\VC\bin\x86_amd64"  -I"C:\Program Files\NVIDIA GPU Computing Toolkit\CUDA\v6.5\include" -I"C:\Program Files\NVIDIA GPU Computing Toolkit\CUDA\v6.5\include"     --keep-dir x64\Release -maxrregcount=0 --ptxas-options=-v --machine 64 --compile -cudart static     -DWIN32 -DNDEBUG -D_CONSOLE -D_WINDLL -D_UNICODE -DUNICODE -Xcompiler "/EHsc /W3 /nologo /O2 /Zi  /MD /GR- " -o x64\Release\wrapper.cu.obj "C:\Users\Carlas Smith\Desktop\single-molecule-detection\gpumle\GPUgenerateBlobs VS2013\GPUgenerateBlobs\wrapper.cu"
         
         C:\Users\Carlas Smith\Desktop\single-molecule-detection\gpumle\GPUgenerateBlobs VS2013\GPUgenerateBlobs>"C:\Program Files\NVIDIA GPU Computing Toolkit\CUDA\v6.5\bin\nvcc.exe" -gencode=arch=compute_20,code=\"sm_20,compute_20\" -gencode=arch=compute_30,code=\"sm_30,compute_30\" -gencode=arch=compute_20,code=\"sm_20,compute_20\" --use-local-env --cl-version 2013 -ccbin "C:\Program Files (x86)\Microsoft Visual Studio 12.0\VC\bin\x86_amd64"  -I"C:\Program Files\NVIDIA GPU Computing Toolkit\CUDA\v6.5\include" -I"C:\Program Files\NVIDIA GPU Computing Toolkit\CUDA\v6.5\include"     --keep-dir x64\Release -maxrregcount=0 --ptxas-options=-v --machine 64 --compile -cudart static     -DWIN32 -DNDEBUG -D_CONSOLE -D_WINDLL -D_UNICODE -DUNICODE -Xcompiler "/EHsc /W3 /nologo /O2 /Zi  /MD /GR- " -o x64\Release\wrapper.cu.obj "C:\Users\Carlas Smith\Desktop\single-molecule-detection\gpumle\GPUgenerateBlobs VS2013\GPUgenerateBlobs\wrapper.cu" 
         ptxas info    : 0 bytes gmem
         ptxas info    : 0 bytes gmem
         wrapper.cu
       ClCompile:
         C:\Program Files (x86)\Microsoft Visual Studio 12.0\VC\bin\x86_amd64\CL.exe /c /I"C:\Program Files\NVIDIA GPU Computing Toolkit\CUDA\v6.5\include" /Zi /nologo /W3 /WX- /sdl /O2 /Oi /GL /D WIN32 /D NDEBUG /D _CONSOLE /D _WINDLL /D _UNICODE /D UNICODE /Gm- /EHsc /MD /GS /Gy /fp:precise /Zc:wchar_t /Zc:forScope /Fo"x64\Release\\" /Fd"x64\Release\vc120.pdb" /Gd /TP /analyze- /errorReport:prompt mexFunction.cpp
         mexFunction.cpp
     1>mexFunction.cpp(121): warning C4244: 'argument' : conversion from 'double' to 'float', possible loss of data
     1>mexFunction.cpp(121): warning C4244: 'initializing' : conversion from 'float' to 'int', possible loss of data
       Link:
         C:\Program Files (x86)\Microsoft Visual Studio 12.0\VC\bin\x86_amd64\link.exe /ERRORREPORT:PROMPT /OUT:"C:\Users\Carlas Smith\Desktop\single-molecule-detection\gpumle\GPUgenerateBlobs VS2013\x64\Release\GPUgenerateBlobs.mexw64" /INCREMENTAL:NO /NOLOGO /LIBPATH:"C:\Program Files\NVIDIA GPU Computing Toolkit\CUDA\v6.5\lib\x64" cudart.lib libmex.lib libmat.lib libmx.lib kernel32.lib user32.lib gdi32.lib winspool.lib comdlg32.lib advapi32.lib shell32.lib ole32.lib oleaut32.lib uuid.lib odbc32.lib odbccp32.lib /DEF:"matlab.def" /MANIFEST /MANIFESTUAC:"level='asInvoker' uiAccess='false'" /manifest:embed /PDB:"C:\Users\Carlas Smith\Desktop\single-molecule-detection\gpumle\GPUgenerateBlobs VS2013\x64\Release\GPUgenerateBlobs.pdb" /SUBSYSTEM:CONSOLE /OPT:REF /OPT:ICF /LTCG /TLBID:1 /DYNAMICBASE /NXCOMPAT /IMPLIB:"C:\Users\Carlas Smith\Desktop\single-molecule-detection\gpumle\GPUgenerateBlobs VS2013\x64\Release\GPUgenerateBlobs.lib" /MACHINE:X64 /DLL x64\Release\kernel.cu.obj
         x64\Release\wrapper.cu.obj
         x64\Release\mexFunction.obj
            Creating library C:\Users\Carlas Smith\Desktop\single-molecule-detection\gpumle\GPUgenerateBlobs VS2013\x64\Release\GPUgenerateBlobs.lib and object C:\Users\Carlas Smith\Desktop\single-molecule-detection\gpumle\GPUgenerateBlobs VS2013\x64\Release\GPUgenerateBlobs.exp
         Generating code
         Finished generating code
         GPUgenerateBlobs.vcxproj -> C:\Users\Carlas Smith\Desktop\single-molecule-detection\gpumle\GPUgenerateBlobs VS2013\x64\Release\GPUgenerateBlobs.mexw64
     1>Done Building Project "C:\Users\Carlas Smith\Desktop\single-molecule-detection\gpumle\GPUgenerateBlobs VS2013\GPUgenerateBlobs\GPUgenerateBlobs.vcxproj" (Build target(s)).

Build succeeded.

Time Elapsed 00:00:10.03
