c:\users\carlas\dropbox (u mass medical)\gpudel\gpumle\gpugaussmlev3 vs2013\gpugaussmlev3\x64\release\vc120.pdb
c:\users\carlas\dropbox (u mass medical)\gpudel\gpumle\gpugaussmlev3 vs2013\gpugaussmlev3\x64\release\mexfunction.obj
c:\users\carlas\dropbox (u mass medical)\gpudel\gpumle\gpugaussmlev3 vs2013\x64\release\gpugaussmlev3.lib
c:\users\carlas\dropbox (u mass medical)\gpudel\gpumle\gpugaussmlev3 vs2013\x64\release\gpugaussmlev3.exp
c:\users\carlas\dropbox (u mass medical)\gpudel\gpumle\gpugaussmlev3 vs2013\x64\release\gpugaussmlev3.mexw64
c:\users\carlas\dropbox (u mass medical)\gpudel\gpumle\gpugaussmlev3 vs2013\gpugaussmlev3\x64\release\gpugaussmlev3.res
c:\users\carlas\dropbox (u mass medical)\gpudel\gpumle\gpugaussmlev3 vs2013\gpugaussmlev3\x64\release\kernel.cu.cache
c:\users\carlas\dropbox (u mass medical)\gpudel\gpumle\gpugaussmlev3 vs2013\gpugaussmlev3\x64\release\wrapper.cu.cache
c:\users\carlas\dropbox (u mass medical)\gpudel\gpumle\gpugaussmlev3 vs2013\gpugaussmlev3\x64\release\kernel.cu.obj
c:\users\carlas\dropbox (u mass medical)\gpudel\gpumle\gpugaussmlev3 vs2013\gpugaussmlev3\x64\release\wrapper.cu.obj
c:\users\carlas\dropbox (u mass medical)\gpudel\gpumle\gpugaussmlev3 vs2013\gpugaussmlev3\x64\release\gpugaussmlev3.tlog\cl.command.1.tlog
c:\users\carlas\dropbox (u mass medical)\gpudel\gpumle\gpugaussmlev3 vs2013\gpugaussmlev3\x64\release\gpugaussmlev3.tlog\cl.read.1.tlog
c:\users\carlas\dropbox (u mass medical)\gpudel\gpumle\gpugaussmlev3 vs2013\gpugaussmlev3\x64\release\gpugaussmlev3.tlog\cl.write.1.tlog
c:\users\carlas\dropbox (u mass medical)\gpudel\gpumle\gpugaussmlev3 vs2013\gpugaussmlev3\x64\release\gpugaussmlev3.tlog\gpugaussmlev3.write.1u.tlog
c:\users\carlas\dropbox (u mass medical)\gpudel\gpumle\gpugaussmlev3 vs2013\gpugaussmlev3\x64\release\gpugaussmlev3.tlog\link.command.1.tlog
c:\users\carlas\dropbox (u mass medical)\gpudel\gpumle\gpugaussmlev3 vs2013\gpugaussmlev3\x64\release\gpugaussmlev3.tlog\link.read.1.tlog
c:\users\carlas\dropbox (u mass medical)\gpudel\gpumle\gpugaussmlev3 vs2013\gpugaussmlev3\x64\release\gpugaussmlev3.tlog\link.write.1.tlog
c:\users\carlas\dropbox (u mass medical)\gpudel\gpumle\gpugaussmlev3 vs2013\gpugaussmlev3\x64\release\gpugaussmlev3.tlog\rc.command.1.tlog
c:\users\carlas\dropbox (u mass medical)\gpudel\gpumle\gpugaussmlev3 vs2013\gpugaussmlev3\x64\release\gpugaussmlev3.tlog\rc.read.1.tlog
c:\users\carlas\dropbox (u mass medical)\gpudel\gpumle\gpugaussmlev3 vs2013\gpugaussmlev3\x64\release\gpugaussmlev3.tlog\rc.write.1.tlog
